
 - Check Latest Version @ http://www.Myc.Lv -
 
 —– v1.1.13 ————————
 * Minor fixes
 * Updated Program information
 * Decreased Program size
 * Removed Tray Tips
 
 —– v1.1.12 ————————
 * Minor fixes
 
 —– v1.1.11 ————————
 * Added CSGO support
 * Minor fixes
 
 —– v1.1.10 ————————
 * Added Cleaning Log files
 * Updated Program Info

 —– v1.0.9 ————————
 * Added Last Time Cleaned

 —– v1.0.8 ————————
 * Decreased Program Size
 * Updated Program Description

 —– v1.0.7 ————————
 * Added Cleaning Crash Files
 * Increased Cleaning Speed
 * Updated TrayTips
 
 —– v1.0.6 ————————
 * Fixed Close if hl process exist
 
 —– v1.0.5 ————————
 * Updated Warning Dialog
 
 —– v1.0.4 ————————
 * Public Release
 * Updated GUI Text
 
 —– v1.0.3 ————————
 * Added Cleaned Overview
 * Added Warning Dialog

 —– v1.0.2 ————————
 * Added Tray Tips

 —– v1.0.1 ————————
 * Updated Delete Function

 —– v1.0.0 ————————
 * Initial Release